<?xml version="1.0" encoding="utf-8"?><testsuites name="pytest tests"><testsuite name="pytest" errors="0" failures="0" skipped="0" tests="3" time="18.456" timestamp="2026-05-29T00:02:03.534054+00:00" hostname="4b7cbe8a6eec"><testcase classname="tests.integration.test_workflow_execution.TestWorkflowExecutionIntegration" name="test_simple_chat_message" time="0.057" /><testcase classname="tests.integration.test_workflow_execution.TestWorkflowExecutionIntegration" name="test_chat_with_parse_and_execute_operations" time="0.026" /><testcase classname="tests.integration.test_workflow_execution.TestWorkflowExecutionIntegration" name="test_error_handling" time="0.023" /></testsuite></testsuites>