<?xml version="1.0" encoding="utf-8"?><testsuites name="pytest tests"><testsuite name="pytest" errors="0" failures="0" skipped="33" tests="1260" time="124.768" timestamp="2026-05-28T23:59:18.993596+00:00" hostname="c8fb65b8277e"><testcase classname="tests.cli.test_cli_commands_comprehensive.TestCLICommands" name="test_command_parsing_basic" time="0.008" /><testcase classname="tests.cli.test_cli_commands_comprehensive.TestCLICommands" name="test_slash_command_parsing" time="0.006" /><testcase classname="tests.cli.test_cli_commands_comprehensive.TestCLICommands" name="test_command_validation" time="0.005" /><testcase classname="tests.cli.test_cli_commands_comprehensive.TestCLICommands" name="test_help_command" time="0.005" /><testcase classname="tests.cli.test_cli_commands_comprehensive.TestCLICommands" name="test_switch_command" time="0.004" /><testcase classname="tests.cli.test_cli_commands_comprehensive.TestProvidersCommand" name="test_providers_command_parsing" time="0.004" /><testcase classname="tests.cli.test_cli_commands_comprehensive.TestProvidersCommand" name="test_providers_command_basic_functionality" time="0.008" /><testcase classname="tests.cli.test_cli_commands_comprehensive.TestProvidersCommand" name="test_providers_command_with_arguments" time="0.005" /><testcase classname="tests.cli.test_cli_commands_comprehensive.TestCLIInterface" name="test_cli_initialization" time="0.003" /><testcase classname="tests.cli.test_cli_commands_comprehensive.TestCLIInterface" name="test_cli_command_processing" time="0.008" /><testcase classname="tests.cli.test_cli_commands_comprehensive.TestCLIInterface" name="test_async_command_handling" time="0.012" /><testcase classname="tests.cli.test_cli_commands_comprehensive.TestNewCommands" name="test_history_command" time="0.002" /><testcase classname="tests.cli.test_cli_commands_comprehensive.TestNewCommands" name="test_clear_command" time="0.002" /><testcase classname="tests.cli.test_cli_commands_comprehensive.TestNewCommands" name="test_exit_command" time="0.002" /><testcase classname="tests.cli.test_cli_commands_comprehensive.TestCommandIntegration" name="test_command_chain_parsing" time="0.004" /><testcase classname="tests.cli.test_cli_commands_comprehensive.TestCommandIntegration" name="test_command_error_handling" time="0.007" /><testcase classname="tests.cli.test_cli_commands_comprehensive.TestCommandIntegration" name="test_message_vs_command_distinction" time="0.007" /><testcase classname="tests.cli.test_cli_commands_comprehensive.TestCommandIntegration" name="test_command_argument_parsing" time="0.007" /><testcase classname="tests.cli.test_cli_commands_comprehensive.TestCLIErrorHandling" name="test_empty_input_handling" time="0.005" /><testcase classname="tests.cli.test_cli_commands_comprehensive.TestCLIErrorHandling" name="test_whitespace_handling" time="0.005" /><testcase classname="tests.cli.test_cli_commands_comprehensive.TestCLIErrorHandling" name="test_special_characters_handling" time="0.005" /><testcase classname="tests.cli.test_cli_commands_comprehensive.TestCLIErrorHandling" name="test_very_long_command_handling" time="0.002" /><testcase classname="tests.cli.test_continuous_workflow.TestContinuousWorkflow" name="test_execute_continuous_workflow_with_operations" time="0.041" /><testcase classname="tests.cli.test_continuous_workflow.TestContinuousWorkflow" name="test_execute_continuous_workflow_no_operations" time="0.034" /><testcase classname="tests.cli.test_continuous_workflow.TestContinuousWorkflow" name="test_workflow_completion_detection" time="0.019" /><testcase classname="tests.cli.test_continuous_workflow.TestContinuousWorkflow" name="test_workflow_engine_failure_handling" time="0.023" /><testcase classname="tests.cli.test_continuous_workflow.TestContinuousWorkflow" name="test_operation_pattern_detection" time="0.011" /><testcase classname="tests.cli.test_continuous_workflow.TestWorkflowEdgeCases" name="test_workflow_stops_on_completion_keywords" time="0.025" /><testcase classname="tests.cli.test_continuous_workflow.TestWorkflowEdgeCases" name="test_workflow_handles_empty_responses" time="0.020" /><testcase classname="tests.cli.test_continuous_workflow.TestWorkflowEdgeCases" name="test_workflow_handles_malformed_operations" time="0.028" /><testcase classname="tests.cli.test_continuous_workflow.TestWorkflowIntegration" name="test_chat_message_workflow_integration" time="0.004" /><testcase classname="tests.cli.test_headless.TestChatResponseNewFields" name="test_new_fields_default_to_none" time="0.002" /><testcase classname="tests.cli.test_headless.TestChatResponseNewFields" name="test_new_fields_set_correctly" time="0.002" /><testcase classname="tests.cli.test_headless.TestChatResponseNewFields" name="test_backward_compat_is_success" time="0.002" /><testcase classname="tests.cli.test_headless.TestChatResponseNewFields" name="test_backward_compat_error" time="0.002" /><testcase classname="tests.cli.test_headless.TestOutputFormat" name="test_enum_values" time="0.003" /><testcase classname="tests.cli.test_headless.TestTokenAccumulator" name="test_accumulates_tokens" time="0.002" /><testcase classname="tests.cli.test_headless.TestTokenAccumulator" name="test_handles_none_token_fields" time="0.002" /><testcase classname="tests.cli.test_headless.TestTokenAccumulator" name="test_empty_accumulator" time="0.003" /><testcase classname="tests.cli.test_headless.TestHeadlessOutputEmitterText" name="test_emit_assistant_prints_to_stdout" time="0.002" /><testcase classname="tests.cli.test_headless.TestHeadlessOutputEmitterText" name="test_emit_result_prints_text" time="0.003" /><testcase classname="tests.cli.test_headless.TestHeadlessOutputEmitterText" name="test_tool_events_hidden_without_verbose" time="0.003" /><testcase classname="tests.cli.test_headless.TestHeadlessOutputEmitterText" name="test_tool_events_shown_with_verbose" time="0.004" /><testcase classname="tests.cli.test_headless.TestHeadlessOutputEmitterJSON" name="test_emit_result_produces_valid_json" time="0.002" /><testcase classname="tests.cli.test_headless.TestHeadlessOutputEmitterJSON" name="test_json_mode_suppresses_intermediate_output" time="0.002" /><testcase classname="tests.cli.test_headless.TestHeadlessOutputEmitterStreamJSON" name="test_emit_init_writes_ndjson" time="0.002" /><testcase classname="tests.cli.test_headless.TestHeadlessOutputEmitterStreamJSON" name="test_emit_assistant_writes_ndjson" time="0.002" /><testcase classname="tests.cli.test_headless.TestHeadlessOutputEmitterStreamJSON" name="test_emit_tool_use_writes_ndjson" time="0.002" /><testcase classname="tests.cli.test_headless.TestHeadlessOutputEmitterStreamJSON" name="test_emit_tool_result_writes_ndjson" time="0.003" /><testcase classname="tests.cli.test_headless.TestHeadlessOutputEmitterStreamJSON" name="test_emit_tool_result_with_error" time="0.002" /><testcase classname="tests.cli.test_headless.TestHeadlessOutputEmitterStreamJSON" name="test_emit_result_writes_final_ndjson" time="0.005" /><testcase classname="tests.cli.test_headless.TestHeadlessOutputEmitterStreamJSON" name="test_session_id_in_all_events" time="0.009" /><testcase classname="tests.cli.test_headless.TestHeadlessOutputEmitterError" name="test_emit_error_to_stderr" time="0.003" /><testcase classname="tests.cli.test_headless.TestHeadlessOutputEmitterError" name="test_stream_json_emit_error_to_both" time="0.010" /><testcase classname="tests.cli.test_headless.TestHeadlessRunner" name="test_simple_text_response" time="0.171" /><testcase classname="tests.cli.test_headless.TestHeadlessRunner" name="test_tool_call_round_trip" time="0.019" /><testcase classname="tests.cli.test_headless.TestHeadlessRunner" name="test_json_output_format" time="0.015" /><testcase classname="tests.cli.test_headless.TestHeadlessRunner" name="test_engine_error_returns_exit_code_1" time="0.014" /><testcase classname="tests.cli.test_headless.TestHeadlessRunner" name="test_max_iterations_respected" time="0.021" /><testcase classname="tests.cli.test_interface_streaming.TestStreamToolResponse" name="test_returns_response_from_stream" time="0.024" /><testcase classname="tests.cli.test_interface_streaming.TestStreamToolResponse" name="test_collects_tool_calls" time="0.026" /><testcase classname="tests.cli.test_interface_streaming.TestStreamToolResponse" name="test_updates_chat_history" time="0.036" /><testcase classname="tests.cli.test_interface_streaming.TestStreamToolResponse" name="test_returns_error_on_empty_stream" time="0.045" /><testcase classname="tests.cli.test_interface_streaming.TestStreamChatResponse" name="test_returns_response_from_stream" time="0.051" /><testcase classname="tests.cli.test_interface_streaming.TestStreamChatResponse" name="test_updates_chat_history" time="0.024" /><testcase classname="tests.cli.test_interface_streaming.TestStreamChatResponse" name="test_returns_error_on_empty_stream" time="0.017" /><testcase classname="tests.cli.test_interface_streaming.TestStreamingRouting" name="test_tool_flow_uses_streaming_when_supported" time="0.019" /><testcase classname="tests.cli.test_interface_streaming.TestStreamingRouting" name="test_tool_flow_skips_streaming_when_not_supported" time="0.015" /><testcase classname="tests.cli.test_interface_streaming.TestStreamingRouting" name="test_chat_uses_streaming_when_supported" time="0.022" /><testcase classname="tests.cli.test_interface_streaming.TestStreamingRouting" name="test_chat_skips_streaming_when_not_supported" time="0.021" /><testcase classname="tests.cli.test_locate_operation.TestLocateOperation" name="test_locate_exact_match" time="0.013" /><testcase classname="tests.cli.test_locate_operation.TestLocateOperation" name="test_locate_case_insensitive" time="0.012" /><testcase classname="tests.cli.test_locate_operation.TestLocateOperation" name="test_locate_with_spaces" time="0.011" /><testcase classname="tests.cli.test_locate_operation.TestLocateOperation" name="test_locate_fuzzy_match_typo" time="0.014" /><testcase classname="tests.cli.test_locate_operation.TestLocateOperation" name="test_locate_nested_file" time="0.011" /><testcase classname="tests.cli.test_locate_operation.TestLocateOperation" name="test_locate_file_not_found" time="0.012" /><testcase classname="tests.cli.test_locate_operation.TestLocateOperation" name="test_locate_below_similarity_threshold" time="0.013" /><testcase classname="tests.cli.test_locate_operation.TestLocateOperation" name="test_locate_multiple_operations" time="0.016" /><testcase classname="tests.cli.test_locate_operation.TestLocateOperation" name="test_locate_with_other_operations" time="0.017" /><testcase classname="tests.cli.test_locate_operation.TestFuzzyFindFileMethod" name="test_fuzzy_find_exact_match" time="0.012" /><testcase classname="tests.cli.test_locate_operation.TestFuzzyFindFileMethod" name="test_fuzzy_find_case_insensitive" time="0.011" /><testcase classname="tests.cli.test_locate_operation.TestFuzzyFindFileMethod" name="test_fuzzy_find_similarity_matching" time="0.012" /><testcase classname="tests.cli.test_locate_operation.TestFuzzyFindFileMethod" name="test_fuzzy_find_not_found" time="0.009" /><testcase classname="tests.cli.test_locate_operation.TestFuzzyFindFileMethod" name="test_fuzzy_find_nested_file" time="0.009" /><testcase classname="tests.cli.test_locate_operation.TestFuzzyFindFileMethod" name="test_fuzzy_find_threshold" time="0.009" /><testcase classname="tests.core.agent.test_agent_engine.TestOperation" name="test_operation_creation" time="0.002" /><testcase classname="tests.core.agent.test_agent_engine.TestOperation" name="test_operation_result_creation" time="0.001" /><testcase classname="tests.core.agent.test_agent_engine.TestFileSystemManager" name="test_init" time="0.005"><skipped type="pytest.skip" message="Outdated tests - use test_file_system_manager.py instead">/workspace/tests/core/agent/test_agent_engine.py:86: Outdated tests - use test_file_system_manager.py instead</skipped></testcase><testcase classname="tests.core.agent.test_agent_engine.TestFileSystemManager" name="test_current_directory_awareness" time="0.001"><skipped type="pytest.skip" message="Outdated tests - use test_file_system_manager.py instead">/workspace/tests/core/agent/test_agent_engine.py:100: Outdated tests - use test_file_system_manager.py instead</skipped></testcase><testcase classname="tests.core.agent.test_agent_engine.TestFileSystemManager" name="test_directory_context" time="0.001"><skipped type="pytest.skip" message="Outdated tests - use test_file_system_manager.py instead">/workspace/tests/core/agent/test_agent_engine.py:106: Outdated tests - use test_file_system_manager.py instead</skipped></testcase><testcase classname="tests.core.agent.test_agent_engine.TestFileSystemManager" name="test_git_repository_detection" time="0.001"><skipped type="pytest.skip" message="Outdated tests - use test_file_system_manager.py instead">/workspace/tests/core/agent/test_agent_engine.py:114: Outdated tests - use test_file_system_manager.py instead</skipped></testcase><testcase classname="tests.core.agent.test_agent_engine.TestFileSystemManager" name="test_read_file_success" time="0.001"><skipped type="pytest.skip" message="Outdated tests - use test_file_system_manager.py instead">/workspace/tests/core/agent/test_agent_engine.py:125: Outdated tests - use test_file_system_manager.py instead</skipped></testcase><testcase classname="tests.core.agent.test_agent_engine.TestFileSystemManager" name="test_read_file_not_exists" time="0.001"><skipped type="pytest.skip" message="Outdated tests - use test_file_system_manager.py instead">/workspace/tests/core/agent/test_agent_engine.py:135: Outdated tests - use test_file_system_manager.py instead</skipped></testcase><testcase classname="tests.core.agent.test_agent_engine.TestFileSystemManager" name="test_write_file_success" time="0.001"><skipped type="pytest.skip" message="Outdated tests - use test_file_system_manager.py instead">/workspace/tests/core/agent/test_agent_engine.py:147: Outdated tests - use test_file_system_manager.py instead</skipped></testcase><testcase classname="tests.core.agent.test_agent_engine.TestFileSystemManager" name="test_write_file_with_backup" time="0.001"><skipped type="pytest.skip" message="Outdated tests - use test_file_system_manager.py instead">/workspace/tests/core/agent/test_agent_engine.py:158: Outdated tests - use test_file_system_manager.py instead</skipped></testcase><testcase classname="tests.core.agent.test_agent_engine.TestFileSystemManager" name="test_delete_file_success" time="0.001"><skipped type="pytest.skip" message="Outdated tests - use test_file_system_manager.py instead">/workspace/tests/core/agent/test_agent_engine.py:178: Outdated tests - use test_file_system_manager.py instead</skipped></testcase><testcase classname="tests.core.agent.test_agent_engine.TestFileSystemManager" name="test_create_directory_success" time="0.001"><skipped type="pytest.skip" message="Outdated tests - use test_file_system_manager.py instead">/workspace/tests/core/agent/test_agent_engine.py:189: Outdated tests - use test_file_system_manager.py instead</skipped></testcase><testcase classname="tests.core.agent.test_agent_engine.TestFileSystemManager" name="test_delete_directory_success" time="0.001"><skipped type="pytest.skip" message="Outdated tests - use test_file_system_manager.py instead">/workspace/tests/core/agent/test_agent_engine.py:199: Outdated tests - use test_file_system_manager.py instead</skipped></testcase><testcase classname="tests.core.agent.test_agent_engine.TestFileSystemManager" name="test_delete_directory_not_empty" time="0.001"><skipped type="pytest.skip" message="Outdated tests - use test_file_system_manager.py instead">/workspace/tests/core/agent/test_agent_engine.py:211: Outdated tests - use test_file_system_manager.py instead</skipped></testcase><testcase classname="tests.core.agent.test_agent_engine.TestFileSystemManager" name="test_execute_operation_file_read" time="0.001"><skipped type="pytest.skip" message="Outdated tests - use test_file_system_manager.py instead">/workspace/tests/core/agent/test_agent_engine.py:223: Outdated tests - use test_file_system_manager.py instead</skipped></testcase><testcase classname="tests.core.agent.test_agent_engine.TestFileSystemManager" name="test_preview_operation" time="0.001"><skipped type="pytest.skip" message="Outdated tests - use test_file_system_manager.py instead">/workspace/tests/core/agent/test_agent_engine.py:240: Outdated tests - use test_file_system_manager.py instead</skipped></testcase><testcase classname="tests.core.agent.test_agent_engine.TestProgramExecutor" name="test_init" time="0.002" /><testcase classname="tests.core.agent.test_agent_engine.TestProgramExecutor" name="test_validate_command_allowed" time="0.003" /><testcase classname="tests.core.agent.test_agent_engine.TestProgramExecutor" name="test_validate_command_forbidden" time="0.003" /><testcase classname="tests.core.agent.test_agent_engine.TestProgramExecutor" name="test_validate_command_not_whitelisted" time="0.002" /><testcase classname="tests.core.agent.test_agent_engine.TestProgramExecutor" name="test_execute_command_success" time="0.008" /><testcase classname="tests.core.agent.test_agent_engine.TestProgramExecutor" name="test_execute_command_failure" time="0.008" /><testcase classname="tests.core.agent.test_agent_engine.TestProgramExecutor" name="test_execute_command_timeout" time="0.010" /><testcase classname="tests.core.agent.test_agent_engine.TestProgramExecutor" name="test_execute_operation" time="0.009" /><testcase classname="tests.core.agent.test_agent_engine.TestProgramExecutor" name="test_preview_operation" time="0.015" /><testcase classname="tests.core.agent.test_agent_engine.TestWebClient" name="test_init" time="0.002" /><testcase classname="tests.core.agent.test_agent_engine.TestWebClient" name="test_validate_url_success" time="0.002" /><testcase classname="tests.core.agent.test_agent_engine.TestWebClient" name="test_validate_url_forbidden_domain" time="0.005" /><testcase classname="tests.core.agent.test_agent_engine.TestWebClient" name="test_validate_url_allowed_domains" time="0.005" /><testcase classname="tests.core.agent.test_agent_engine.TestWebClient" name="test_make_request_success" time="0.028" /><testcase classname="tests.core.agent.test_agent_engine.TestWebClient" name="test_make_request_failure" time="0.028" /><testcase classname="tests.core.agent.test_agent_engine.TestWebClient" name="test_execute_operation" time="0.014" /><testcase classname="tests.core.agent.test_agent_engine.TestWebClient" name="test_preview_operation" time="0.008" /><testcase classname="tests.core.agent.test_agent_engine.TestMCPIntegrator" name="test_init" time="0.005" /><testcase classname="tests.core.agent.test_agent_engine.TestMCPIntegrator" name="test_init_no_manager" time="0.004" /><testcase classname="tests.core.agent.test_agent_engine.TestMCPIntegrator" name="test_execute_operation_success" time="0.012" /><testcase classname="tests.core.agent.test_agent_engine.TestMCPIntegrator" name="test_execute_operation_no_manager" time="0.005" /><testcase classname="tests.core.agent.test_agent_engine.TestMCPIntegrator" name="test_call_tool" time="0.007" /><testcase classname="tests.core.agent.test_agent_engine.TestMCPIntegrator" name="test_preview_operation" time="0.010" /><testcase classname="tests.core.agent.test_agent_engine.TestApprovalManager" name="test_init" time="0.002" /><testcase classname="tests.core.agent.test_agent_engine.TestApprovalManager" name="test_request_approval_no_approval_needed" time="0.011" /><testcase classname="tests.core.agent.test_agent_engine.TestApprovalManager" name="test_request_approval_auto_approve" time="0.006" /><testcase classname="tests.core.agent.test_agent_engine.TestApprovalManager" name="test_request_approval_with_callback" time="0.011" /><testcase classname="tests.core.agent.test_agent_engine.TestApprovalManager" name="test_request_approval_no_callback" time="0.006" /><testcase classname="tests.core.agent.test_agent_engine.TestApprovalManager" name="test_add_remove_auto_approve_type" time="0.003" /><testcase classname="tests.core.agent.test_agent_engine.TestProviderFallback" name="test_init" time="0.004" /><testcase classname="tests.core.agent.test_agent_engine.TestProviderFallback" name="test_execute_with_fallback_success" time="0.015" /><testcase classname="tests.core.agent.test_agent_engine.TestProviderFallback" name="test_execute_with_fallback_retry" time="0.018" /><testcase classname="tests.core.agent.test_agent_engine.TestProviderFallback" name="test_execute_with_fallback_providers" time="0.027" /><testcase classname="tests.core.agent.test_agent_engine.TestProviderFallback" name="test_execute_with_fallback_all_fail" time="0.023" /><testcase classname="tests.core.agent.test_agent_engine.TestProviderFallback" name="test_set_fallback_providers" time="0.004" /><testcase classname="tests.core.agent.test_agent_engine.TestAgentEngine" name="test_init" time="0.042" /><testcase classname="tests.core.agent.test_agent_engine.TestAgentEngine" name="test_get_manager_for_operation" time="0.021" /><testcase classname="tests.core.agent.test_agent_engine.TestAgentEngine" name="test_generate_preview" time="0.043" /><testcase classname="tests.core.agent.test_agent_engine.TestAgentEngine" name="test_execute_operation" time="0.023" /><testcase classname="tests.core.agent.test_agent_engine.TestAgentEngine" name="test_execute_with_approval_success" time="0.041" /><testcase classname="tests.core.agent.test_agent_engine.TestAgentEngine" name="test_execute_with_approval_denied" time="0.073" /><testcase classname="tests.core.agent.test_agent_engine.TestAgentEngine" name="test_execute_with_approval_no_approval_needed" time="0.095" /><testcase classname="tests.core.agent.test_agent_engine.TestAgentEngine" name="test_enable_disable_agent_mode" time="0.022" /><testcase classname="tests.core.agent.test_agent_engine.TestAgentEngine" name="test_operation_history_management" time="0.021" /><testcase classname="tests.core.agent.test_agent_engine.TestAgentEngine" name="test_rollback_operation_file_write" time="0.018" /><testcase classname="tests.core.agent.test_agent_engine.TestAgentEngine" name="test_rollback_operation_file_delete" time="0.015" /><testcase classname="tests.core.agent.test_agent_engine.TestAgentEngine" name="test_rollback_operation_no_rollback_data" time="0.015" /><testcase classname="tests.core.agent.test_agent_engine.TestAgentEngine" name="test_rollback_operation_invalid_index" time="0.019" /><testcase classname="tests.core.agent.test_agent_mode_integration.TestAgentModeManager" name="test_initial_state" time="0.006" /><testcase classname="tests.core.agent.test_agent_mode_integration.TestAgentModeManager" name="test_enable_disable_agent_mode" time="0.009" /><testcase classname="tests.core.agent.test_agent_mode_integration.TestAgentModeManager" name="test_queue_operation" time="0.006" /><testcase classname="tests.core.agent.test_agent_mode_integration.TestAgentModeManager" name="test_cancel_operation" time="0.008" /><testcase classname="tests.core.agent.test_agent_mode_integration.TestAgentModeManager" name="test_get_status" time="0.006" /><testcase classname="tests.core.agent.test_agent_mode_integration.TestAgentModeManager" name="test_pause_resume" time="0.008" /><testcase classname="tests.core.agent.test_agent_mode_integration.TestAgentModeManager" name="test_operation_history" time="0.008" /><testcase classname="tests.core.agent.test_agent_mode_integration.TestCLIIntegration" name="test_agent_command_parsing" time="0.003" /><testcase classname="tests.core.agent.test_agent_mode_integration.TestCLIIntegration" name="test_agent_command_handler" time="0.065" /><testcase classname="tests.core.agent.test_agent_mode_integration.TestPersistentState" name="test_state_save_load" time="0.009" /><testcase classname="tests.core.agent.test_agent_mode_integration.TestErrorHandling" name="test_enable_already_enabled" time="0.019" /><testcase classname="tests.core.agent.test_agent_mode_integration.TestErrorHandling" name="test_invalid_operation_id" time="0.006" /><testcase classname="tests.core.agent.test_agent_mode_integration.TestErrorHandling" name="test_pause_when_off" time="0.008" /><testcase classname="tests.core.agent.test_agent_mode_integration.TestErrorHandling" name="test_resume_when_off" time="0.006" /><testcase classname="tests.core.agent.test_agent_mode_integration.TestFullIntegration" name="test_complete_agent_workflow" time="0.011" /><testcase classname="tests.core.agent.test_file_existence_check.TestFileExistenceCheck" name="test_check_file_exists_new_file" time="0.023" /><testcase classname="tests.core.agent.test_file_existence_check.TestFileExistenceCheck" name="test_check_file_exists_existing_file" time="0.038" /><testcase classname="tests.core.agent.test_file_existence_check.TestFileExistenceCheck" name="test_check_file_exists_directory" time="0.035" /><testcase classname="tests.core.agent.test_file_existence_check.TestFileExistenceCheck" name="test_check_file_exists_symlink" time="0.035" /><testcase classname="tests.core.agent.test_file_existence_check.TestFileExistenceCheck" name="test_check_file_exists_no_follow_symlinks" time="0.048" /><testcase classname="tests.core.agent.test_file_existence_check.TestFileExistenceCheck" name="test_check_file_exists_security_denied" time="0.019" /><testcase classname="tests.core.agent.test_file_existence_check.TestFileExistenceCheck" name="test_check_file_exists_security_error" time="0.031" /><testcase classname="tests.core.agent.test_file_existence_check.TestFileExistenceCheck" name="test_check_file_exists_metadata_error" time="0.031" /><testcase classname="tests.core.agent.test_file_existence_check.TestFileExistenceCheck" name="test_file_exists_simple_true" time="0.021" /><testcase classname="tests.core.agent.test_file_existence_check.TestFileExistenceCheck" name="test_file_exists_simple_false" time="0.014" /><testcase classname="tests.core.agent.test_file_existence_check.TestFileExistenceCheck" name="test_file_exists_simple_with_error" time="0.026" /><testcase classname="tests.core.agent.test_file_existence_check.TestFileExistenceCheck" name="test_check_file_exists_path_resolution" time="0.033" /><testcase classname="tests.core.agent.test_file_existence_check.TestFileExistenceIntegration" name="test_existence_check_before_operations" time="0.145" /><testcase classname="tests.core.agent.test_file_existence_check.TestFileExistenceIntegration" name="test_existence_check_performance" time="0.624" /><testcase classname="tests.core.agent.test_file_operations_comprehensive.TestFileReadingFunction" name="test_read_simple_text_file" time="0.020" /><testcase classname="tests.core.agent.test_file_operations_comprehensive.TestFileReadingFunction" name="test_read_multiline_text_file" time="0.020" /><testcase classname="tests.core.agent.test_file_operations_comprehensive.TestFileReadingFunction" name="test_read_empty_file" time="0.027" /><testcase classname="tests.core.agent.test_file_operations_comprehensive.TestFileReadingFunction" name="test_read_utf8_file" time="0.018" /><testcase classname="tests.core.agent.test_file_operations_comprehensive.TestFileReadingFunction" name="test_read_different_encodings" time="0.017" /><testcase classname="tests.core.agent.test_file_operations_comprehensive.TestFileReadingFunction" name="test_read_binary_file" time="0.016" /><testcase classname="tests.core.agent.test_file_operations_comprehensive.TestFileReadingFunction" name="test_read_json_file" time="0.016" /><testcase classname="tests.core.agent.test_file_operations_comprehensive.TestFileReadingFunction" name="test_read_python_file" time="0.017" /><testcase classname="tests.core.agent.test_file_operations_comprehensive.TestFileReadingFunction" name="test_read_xml_file" time="0.017" /><testcase classname="tests.core.agent.test_file_operations_comprehensive.TestFileReadingFunction" name="test_read_nonexistent_file" time="0.013" /><testcase classname="tests.core.agent.test_file_operations_comprehensive.TestFileReadingFunction" name="test_read_directory_as_file" time="0.016" /><testcase classname="tests.core.agent.test_file_operations_comprehensive.TestFileReadingFunction" name="test_read_file_permission_denied" time="0.015" /><testcase classname="tests.core.agent.test_file_operations_comprehensive.TestFileReadingFunction" name="test_read_large_file" time="0.443" /><testcase classname="tests.core.agent.test_file_operations_comprehensive.TestFileReadingFunction" name="test_read_file_with_special_characters_in_path" time="0.022" /><testcase classname="tests.core.agent.test_file_operations_comprehensive.TestFileReadingFunction" name="test_read_symlink_file" time="0.011" /><testcase classname="tests.core.agent.test_file_operations_comprehensive.TestFileReadingFunction" name="test_read_file_encoding_error" time="0.025" /><testcase classname="tests.core.agent.test_file_operations_comprehensive.TestFileReadingFunction" name="test_read_file_with_null_bytes" time="0.016" /><testcase classname="tests.core.agent.test_file_operations_comprehensive.TestFileReadingFunction" name="test_read_file_return_type_consistency" time="0.013" /><testcase classname="tests.core.agent.test_file_operations_comprehensive.TestFileReadingEdgeCases" name="test_read_file_concurrent_access" time="0.022" /><testcase classname="tests.core.agent.test_file_operations_comprehensive.TestFileReadingEdgeCases" name="test_read_file_path_variations" time="0.017" /><testcase classname="tests.core.agent.test_file_operations_comprehensive.TestWriteOperationsIntegration" name="test_write_file_with_read_before_write_new_file" time="0.020" /><testcase classname="tests.core.agent.test_file_operations_comprehensive.TestWriteOperationsIntegration" name="test_write_file_with_read_before_write_existing_file" time="0.017" /><testcase classname="tests.core.agent.test_file_operations_comprehensive.TestWriteOperationsIntegration" name="test_write_file_without_read_before_write" time="0.018" /><testcase classname="tests.core.agent.test_file_operations_comprehensive.TestWriteOperationsIntegration" name="test_write_file_with_confirmation_and_read_before_write" time="0.020" /><testcase classname="tests.core.agent.test_file_operations_comprehensive.TestWriteOperationsIntegration" name="test_write_file_user_rejection_in_read_before_write" time="0.017" /><testcase classname="tests.core.agent.test_file_system_manager.TestFileSystemManager" name="test_read_file_success" time="0.018" /><testcase classname="tests.core.agent.test_file_system_manager.TestFileSystemManager" name="test_read_binary_file" time="0.016" /><testcase classname="tests.core.agent.test_file_system_manager.TestFileSystemManager" name="test_read_nonexistent_file" time="0.010" /><testcase classname="tests.core.agent.test_file_system_manager.TestFileSystemManager" name="test_write_file_success" time="0.014" /><testcase classname="tests.core.agent.test_file_system_manager.TestFileSystemManager" name="test_write_file_with_backup" time="0.021" /><testcase classname="tests.core.agent.test_file_system_manager.TestFileSystemManager" name="test_atomic_write" time="0.048" /><testcase classname="tests.core.agent.test_file_system_manager.TestFileSystemManager" name="test_create_backup" time="0.020" /><testcase classname="tests.core.agent.test_file_system_manager.TestFileSystemManager" name="test_restore_backup" time="0.020" /><testcase classname="tests.core.agent.test_file_system_manager.TestFileSystemManager" name="test_create_directory" time="0.010" /><testcase classname="tests.core.agent.test_file_system_manager.TestFileSystemManager" name="test_create_nested_directory" time="0.009" /><testcase classname="tests.core.agent.test_file_system_manager.TestFileSystemManager" name="test_delete_file" time="0.031" /><testcase classname="tests.core.agent.test_file_system_manager.TestFileSystemManager" name="test_delete_file_with_backup" time="0.037" /><testcase classname="tests.core.agent.test_file_system_manager.TestFileSystemManager" name="test_glob_files" time="0.021" /><testcase classname="tests.core.agent.test_file_system_manager.TestFileSystemManager" name="test_copy_file" time="0.026" /><testcase classname="tests.core.agent.test_file_system_manager.TestFileSystemManager" name="test_move_file" time="0.036" /><testcase classname="tests.core.agent.test_file_system_manager.TestFileSystemManager" name="test_get_file_info" time="0.016" /><testcase classname="tests.core.agent.test_file_system_manager.TestFileSystemManager" name="test_list_directory" time="0.046" /><testcase classname="tests.core.agent.test_file_system_manager.TestFileSystemManager" name="test_binary_file_detection" time="0.012" /><testcase classname="tests.core.agent.test_file_system_manager.TestFileSystemManager" name="test_large_file_handling" time="0.145" /><testcase classname="tests.core.agent.test_file_system_manager.TestFileSystemManager" name="test_git_integration" time="0.013" /><testcase classname="tests.core.agent.test_file_system_manager.TestFileSystemManager" name="test_operation_tracking" time="0.029" /><testcase classname="tests.core.agent.test_file_system_manager.TestFileSystemManager" name="test_streaming_read" time="0.018" /><testcase classname="tests.core.agent.test_file_system_manager.TestFileSystemManager" name="test_cleanup" time="0.012" /><testcase classname="tests.core.agent.test_file_system_manager.TestFileSystemManagerErrorHandling" name="test_security_denied_read" time="0.011" /><testcase classname="tests.core.agent.test_file_system_manager.TestFileSystemManagerErrorHandling" name="test_security_denied_write" time="0.011" /><testcase classname="tests.core.agent.test_file_system_manager.TestFileSystemManagerErrorHandling" name="test_backup_nonexistent_file" time="0.014" /><testcase classname="tests.core.agent.test_file_system_manager.TestFileSystemManagerErrorHandling" name="test_restore_nonexistent_backup" time="0.013" /><testcase classname="tests.core.agent.test_file_system_manager.TestFileSystemManagerErrorHandling" name="test_list_nonexistent_directory" time="0.011" /><testcase classname="tests.core.agent.test_file_system_manager.TestFileSystemManagerIntegration" name="test_complete_file_workflow" time="0.052" /><testcase classname="tests.core.agent.test_file_system_manager.TestFileSystemManagerIntegration" name="test_directory_operations_workflow" time="0.042" /><testcase classname="tests.core.agent.test_file_system_manager.TestFileSystemManagerDirectoryAwareness" name="test_get_current_working_directory" time="0.009" /><testcase classname="tests.core.agent.test_file_system_manager.TestFileSystemManagerDirectoryAwareness" name="test_is_git_repository_true" time="0.012" /><testcase classname="tests.core.agent.test_file_system_manager.TestFileSystemManagerDirectoryAwareness" name="test_is_git_repository_false" time="0.011" /><testcase classname="tests.core.agent.test_file_system_manager.TestFileSystemManagerDirectoryAwareness" name="test_is_git_repository_subdirectory" time="0.011" /><testcase classname="tests.core.agent.test_file_system_manager.TestFileSystemManagerDirectoryAwareness" name="test_is_git_repository_default_path" time="0.013" /><testcase classname="tests.core.agent.test_file_system_manager.TestFileSystemManagerDirectoryAwareness" name="test_get_git_repository_root_found" time="0.017" /><testcase classname="tests.core.agent.test_file_system_manager.TestFileSystemManagerDirectoryAwareness" name="test_get_git_repository_root_not_found" time="0.012" /><testcase classname="tests.core.agent.test_file_system_manager.TestFileSystemManagerDirectoryAwareness" name="test_get_git_repository_root_default_path" time="0.012" /><testcase classname="tests.core.agent.test_file_system_manager.TestFileSystemManagerDirectoryAwareness" name="test_get_directory_context_non_git" time="0.011" /><testcase classname="tests.core.agent.test_file_system_manager.TestFileSystemManagerDirectoryAwareness" name="test_get_directory_context_git_repository" time="0.015" /><testcase classname="tests.core.agent.test_file_system_manager.TestFileSystemManagerDirectoryAwareness" name="test_get_directory_context_default_path" time="0.014" /><testcase classname="tests.core.agent.test_file_system_manager.TestFileSystemManagerDirectoryAwareness" name="test_get_directory_context_git_root" time="0.019" /><testcase classname="tests.core.agent.test_file_system_manager.TestFileSystemManagerDirectoryAwareness" name="test_directory_awareness_integration" time="0.023" /><testcase classname="tests.core.agent.test_file_system_manager.TestFileSystemManagerApprovalFlow" name="test_write_file_with_approval" time="0.031" /><testcase classname="tests.core.agent.test_file_system_manager.TestFileSystemManagerApprovalFlow" name="test_write_file_approval_denied" time="0.017" /><testcase classname="tests.core.agent.test_file_system_manager.TestFileSystemManagerApprovalFlow" name="test_delete_file_with_approval" time="0.026" /><testcase classname="tests.core.agent.test_file_system_manager.TestFileSystemManagerApprovalFlow" name="test_create_directory_with_approval" time="0.023" /><testcase classname="tests.core.agent.test_file_system_manager.TestFileSystemManagerApprovalFlow" name="test_move_file_with_approval" time="0.038" /><testcase classname="tests.core.agent.test_file_system_manager.TestFileSystemManagerApprovalFlow" name="test_approval_disabled" time="0.017" /><testcase classname="tests.core.agent.test_file_system_manager.TestFileSystemManagerApprovalFlow" name="test_operation_data_structure" time="0.031" /><testcase classname="tests.core.agent.test_system_prompt_logic.TestSystemPromptLogic" name="test_get_agent_capabilities_prompt_content" time="0.006" /><testcase classname="tests.core.agent.test_system_prompt_logic.TestSystemPromptLogic" name="test_agent_capabilities_prompt_immutability" time="0.006" /><testcase classname="tests.core.agent.test_system_prompt_logic.TestSystemPromptLogic" name="test_directory_awareness_methods" time="0.007" /><testcase classname="tests.core.agent.test_system_prompt_logic.TestSystemPromptLogic" name="test_directory_context_generation" time="0.014" /><testcase classname="tests.core.agent.test_system_prompt_logic.TestSystemPromptLogic" name="test_enhanced_prompt_includes_directory_awareness" time="0.007" /><testcase classname="tests.core.agent.test_system_prompt_logic.TestSystemPromptLogic" name="test_enhanced_prompt_includes_safety_details" time="0.006" /><testcase classname="tests.core.agent.test_system_prompt_logic.TestSystemPromptLogic" name="test_agent_mode_prompt_injection" time="0.025" /><testcase classname="tests.core.agent.test_system_prompt_logic.TestSystemPromptLogic" name="test_agent_mode_disabled_no_prompt_injection" time="0.017" /><testcase classname="tests.core.agent.test_system_prompt_logic.TestSystemPromptSafetyRequirements" name="test_safety_features_to_add" time="0.002" /><testcase classname="tests.core.agent.test_web_client.TestWebResponse" name="test_web_response_creation" time="0.001" /><testcase classname="tests.core.agent.test_web_client.TestWebResponse" name="test_web_response_binary" time="0.002" /><testcase classname="tests.core.agent.test_web_client.TestWebResponse" name="test_web_response_json" time="0.002" /><testcase classname="tests.core.agent.test_web_client.TestRateLimiter" name="test_rate_limiter_allows_within_limits" time="0.005" /><testcase classname="tests.core.agent.test_web_client.TestRateLimiter" name="test_rate_limiter_enforces_limits" time="1.007" /><testcase classname="tests.core.agent.test_web_client.TestRateLimiter" name="test_rate_limiter_per_domain" time="0.004" /><testcase classname="tests.core.agent.test_web_client.TestResponseCache" name="test_cache_miss" time="0.007" /><testcase classname="tests.core.agent.test_web_client.TestResponseCache" name="test_cache_set_and_get" time="0.008" /><testcase classname="tests.core.agent.test_web_client.TestResponseCache" name="test_cache_expiration" time="0.113" /><testcase classname="tests.core.agent.test_web_client.TestWebClient" name="test_url_blacklist" time="0.017" /><testcase classname="tests.core.agent.test_web_client.TestWebClient" name="test_url_whitelist" time="7.340" /><testcase classname="tests.core.agent.test_web_client.TestWebClient" name="test_security_manager_integration" time="0.008" /><testcase classname="tests.core.agent.test_web_client.TestWebClient" name="test_successful_request" time="0.009" /><testcase classname="tests.core.agent.test_web_client.TestWebClient" name="test_request_retry_logic" time="3.114" /><testcase classname="tests.core.agent.test_web_client.TestWebClient" name="test_request_failure_after_retries" time="7.315" /><testcase classname="tests.core.agent.test_web_client.TestWebClient" name="test_caching_behavior" time="0.009" /><testcase classname="tests.core.agent.test_web_client.TestWebClient" name="test_different_http_methods" time="0.012" /><testcase classname="tests.core.agent.test_web_client.TestWebClient" name="test_content_scraping" time="0.021" /><testcase classname="tests.core.agent.test_web_client.TestWebClient" name="test_statistics_tracking" time="0.037" /><testcase classname="tests.core.agent.test_web_client.TestWebClient" name="test_blacklist_management" time="0.369" /><testcase classname="tests.core.agent.test_web_client.TestWebClient" name="test_cache_clearing" time="0.051" /><testcase classname="tests.core.agent.test_web_client.TestWebClient" name="test_context_manager" time="0.014" /><testcase classname="tests.core.agent.test_web_client.TestWebClientIntegration" name="test_complete_workflow" time="0.001"><skipped type="pytest.skip" message="Mock session not intercepting requests correctly">/workspace/tests/core/agent/test_web_client.py:654: Mock session not intercepting requests correctly</skipped></testcase><testcase classname="tests.core.agent.test_web_client.TestWebClientIntegration" name="test_error_handling_workflow" time="0.001"><skipped type="pytest.skip" message="Mock session not intercepting requests correctly">/workspace/tests/core/agent/test_web_client.py:706: Mock session not intercepting requests correctly</skipped></testcase><testcase classname="tests.core.agent.test_workflow_orchestrator.TestWorkflowOrchestrator" name="test_workflow_orchestrator_initialization" time="0.013" /><testcase classname="tests.core.agent.test_workflow_orchestrator.TestWorkflowOrchestrator" name="test_register_workflow" time="0.015" /><testcase classname="tests.core.agent.test_workflow_orchestrator.TestWorkflowOrchestrator" name="test_project_analysis_workflow" time="0.076" /><testcase classname="tests.core.agent.test_workflow_orchestrator.TestWorkflowOrchestrator" name="test_file_modification_workflow" time="0.029" /><testcase classname="tests.core.agent.test_workflow_orchestrator.TestWorkflowOrchestrator" name="test_workflow_step_dependencies" time="0.028" /><testcase classname="tests.core.agent.test_workflow_orchestrator.TestWorkflowOrchestrator" name="test_workflow_approval_flow" time="0.021" /><testcase classname="tests.core.agent.test_workflow_orchestrator.TestWorkflowOrchestrator" name="test_workflow_error_handling" time="0.025" /><testcase classname="tests.core.agent.test_workflow_orchestrator.TestWorkflowOrchestrator" name="test_workflow_context_sharing" time="0.023" /><testcase classname="tests.core.agent.test_workflow_orchestrator.TestWorkflowContext" name="test_context_initialization" time="0.002" /><testcase classname="tests.core.agent.test_workflow_orchestrator.TestWorkflowContext" name="test_context_data_operations" time="0.001" /><testcase classname="tests.core.agent.test_workflow_orchestrator.TestWorkflowIntegration" name="test_continuous_execution_flow" time="0.067" /><testcase classname="tests.core.security.test_security_framework.TestPermissionController" name="test_validate_safe_path_access" time="0.005" /><testcase classname="tests.core.security.test_security_framework.TestPermissionController" name="test_block_restricted_paths" time="0.008" /><testcase classname="tests.core.security.test_security_framework.TestPermissionController" name="test_validate_allowed_commands" time="0.005" /><testcase classname="tests.core.security.test_security_framework.TestPermissionController" name="test_block_dangerous_commands" time="0.003" /><testcase classname="tests.core.security.test_security_framework.TestPermissionController" name="test_operation_validation" time="0.004" /><testcase classname="tests.core.security.test_security_framework.TestPermissionController" name="test_add_remove_restrictions" time="0.004" /><testcase classname="tests.core.security.test_security_framework.TestSandboxManager" name="test_create_sandbox_environment" time="0.004" /><testcase classname="tests.core.security.test_security_framework.TestSandboxManager" name="test_execute_safe_command" time="0.026" /><testcase classname="tests.core.security.test_security_framework.TestSandboxManager" name="test_command_timeout" time="1.020" /><testcase classname="tests.core.security.test_security_framework.TestSandboxManager" name="test_resource_limits" time="0.018" /><testcase classname="tests.core.security.test_security_framework.TestSandboxManager" name="test_environment_filtering" time="0.002" /><testcase classname="tests.core.security.test_security_framework.TestApprovalWorkflow" name="test_auto_approve_low_risk" time="0.005" /><testcase classname="tests.core.security.test_security_framework.TestApprovalWorkflow" name="test_require_approval_high_risk" time="0.003" /><testcase classname="tests.core.security.test_security_framework.TestApprovalWorkflow" name="test_approve_request" time="0.001" /><testcase classname="tests.core.security.test_security_framework.TestApprovalWorkflow" name="test_deny_request" time="0.001" /><testcase classname="tests.core.security.test_security_framework.TestApprovalWorkflow" name="test_risk_assessment" time="0.005" /><testcase classname="tests.core.security.test_security_framework.TestAuditLogger" name="test_log_event" time="0.005" /><testcase classname="tests.core.security.test_security_framework.TestAuditLogger" name="test_log_security_alert" time="0.004" /><testcase classname="tests.core.security.test_security_framework.TestAuditLogger" name="test_get_recent_events" time="0.007" /><testcase classname="tests.core.security.test_security_framework.TestAuditLogger" name="test_event_filtering" time="0.008" /><testcase classname="tests.core.security.test_security_framework.TestSecurityManager" name="test_validate_safe_operation" time="0.015" /><testcase classname="tests.core.security.test_security_framework.TestSecurityManager" name="test_block_unsafe_operation" time="0.015" /><testcase classname="tests.core.security.test_security_framework.TestSecurityManager" name="test_execute_secure_command" time="0.030" /><testcase classname="tests.core.security.test_security_framework.TestSecurityManager" name="test_block_dangerous_command" time="0.015" /><testcase classname="tests.core.security.test_security_framework.TestSecurityManager" name="test_secure_file_access" time="0.020" /><testcase classname="tests.core.security.test_security_framework.TestSecurityManager" name="test_block_restricted_file_access" time="0.011" /><testcase classname="tests.core.security.test_security_framework.TestSecurityManager" name="test_get_security_status" time="0.008" /><testcase classname="tests.core.security.test_security_framework.TestSecurityManager" name="test_update_security_policy" time="0.011" /><testcase classname="tests.core.security.test_security_framework.TestSecurityIntegration" name="test_end_to_end_file_operation" time="0.032" /><testcase classname="tests.core.security.test_security_framework.TestSecurityIntegration" name="test_command_execution_with_audit" time="0.149" /><testcase classname="tests.core.security.test_security_framework.TestSecurityIntegration" name="test_security_policy_enforcement" time="5.093" /><testcase classname="tests.integration.test_workflow_execution.TestWorkflowExecutionIntegration" name="test_simple_chat_message" time="0.057" /><testcase classname="tests.integration.test_workflow_execution.TestWorkflowExecutionIntegration" name="test_chat_with_parse_and_execute_operations" time="0.021" /><testcase classname="tests.integration.test_workflow_execution.TestWorkflowExecutionIntegration" name="test_error_handling" time="0.021" /><testcase classname="tests.test_approval_integration_compatibility" name="test_integration_with_basic_approval_manager" time="0.008" /><testcase classname="tests.test_approval_integration_compatibility" name="test_integration_with_enhanced_approval_manager" time="0.011" /><testcase classname="tests.test_approval_integration_compatibility" name="test_integration_without_approval_manager" time="0.005" /><testcase classname="tests.test_approval_preview_format" name="test_handle_single_approval_creates_change_preview" time="0.013" /><testcase classname="tests.test_approval_preview_format" name="test_handle_single_approval_maps_operation_types" time="0.015" /><testcase classname="tests.test_approval_preview_format" name="test_approval_formatter_receives_valid_preview" time="0.004" /><testcase classname="tests.test_approval_system.TestChangePreview" name="test_create_change_preview" time="0.001" /><testcase classname="tests.test_approval_system.TestChangePreview" name="test_generate_diff" time="0.002" /><testcase classname="tests.test_approval_system.TestChangePreview" name="test_format_preview_text" time="0.001" /><testcase classname="tests.test_approval_system.TestChangePreview" name="test_format_preview_json" time="0.001" /><testcase classname="tests.test_approval_system.TestChangePreview" name="test_format_preview_html" time="0.001" /><testcase classname="tests.test_approval_system.TestEnhancedApprovalManager" name="test_initialize_approval_manager" time="0.006" /><testcase classname="tests.test_approval_system.TestEnhancedApprovalManager" name="test_generate_file_write_preview" time="0.006" /><testcase classname="tests.test_approval_system.TestEnhancedApprovalManager" name="test_generate_file_create_preview" time="0.005" /><testcase classname="tests.test_approval_system.TestEnhancedApprovalManager" name="test_generate_file_delete_preview" time="0.006" /><testcase classname="tests.test_approval_system.TestEnhancedApprovalManager" name="test_generate_command_preview" time="0.005" /><testcase classname="tests.test_approval_system.TestEnhancedApprovalManager" name="test_generate_web_request_preview" time="0.004" /><testcase classname="tests.test_approval_system.TestEnhancedApprovalManager" name="test_generate_mcp_tool_preview" time="0.004" /><testcase classname="tests.test_approval_system.TestEnhancedApprovalManager" name="test_risk_assessment_file_operations" time="0.004" /><testcase classname="tests.test_approval_system.TestEnhancedApprovalManager" name="test_command_risk_assessment" time="0.004" /><testcase classname="tests.test_approval_system.TestEnhancedApprovalManager" name="test_approval_statistics_empty" time="0.002" /><testcase classname="tests.test_approval_system.TestEnhancedApprovalManager" name="test_approval_statistics_with_history" time="0.002" /><testcase classname="tests.test_approval_system.TestEnhancedApprovalManager" name="test_cleanup_expired_requests" time="0.002" /><testcase classname="tests.test_approval_system.TestBatchApprovalRequest" name="test_create_batch_request" time="0.002" /><testcase classname="tests.test_approval_system.TestBatchApprovalRequest" name="test_batch_approval_summary" time="0.002" /><testcase classname="tests.test_approval_system.TestBatchApprovalRequest" name="test_batch_all_approved" time="0.001" /><testcase classname="tests.test_approval_system.TestBatchApprovalRequest" name="test_batch_expiry" time="0.002" /><testcase classname="tests.test_approval_system.TestApprovalIntegration" name="test_single_approval_workflow" time="0.009" /><testcase classname="tests.test_approval_system.TestApprovalIntegration" name="test_single_approval_denial" time="0.006" /><testcase classname="tests.test_approval_system.TestApprovalIntegration" name="test_batch_approval_workflow" time="0.006" /><testcase classname="tests.test_approval_system.TestApprovalIntegration" name="test_low_risk_auto_approval" time="0.005" /><testcase classname="tests.test_approval_system.TestApprovalInterface" name="test_interface_initialization" time="0.002" /><testcase classname="tests.test_approval_system.TestApprovalInterface" name="test_configure_interface" time="0.002" /><testcase classname="tests.test_approval_system.TestApprovalInterface" name="test_colorize_text" time="0.003" /><testcase classname="tests.test_approval_system.TestApprovalInterface" name="test_risk_color_mapping" time="0.003" /><testcase classname="tests.test_approval_system" name="test_end_to_end_approval_flow" time="0.010" /><testcase classname="tests.test_azure_provider.TestAzureProviderInitialization" name="test_initialization_with_full_config" time="0.002" /><testcase classname="tests.test_azure_provider.TestAzureProviderInitialization" name="test_initialization_with_minimal_config" time="0.002" /><testcase classname="tests.test_azure_provider.TestAzureProviderInitialization" name="test_initialization_missing_endpoint" time="0.002" /><testcase classname="tests.test_azure_provider.TestAzureProviderMessageSending" name="test_send_message_success" time="0.017" /><testcase classname="tests.test_azure_provider.TestAzureProviderMessageSending" name="test_send_message_url_construction" time="0.017" /><testcase classname="tests.test_azure_provider.TestAzureProviderMessageSending" name="test_send_message_headers" time="0.016" /><testcase classname="tests.test_azure_provider.TestAzureProviderMessageSending" name="test_send_message_missing_endpoint" time="0.005" /><testcase classname="tests.test_azure_provider.TestAzureProviderMessageSending" name="test_send_message_timeout" time="0.017" /><testcase classname="tests.test_azure_provider.TestAzureProviderMessageSending" name="test_send_message_network_error" time="0.016" /><testcase classname="tests.test_azure_provider.TestAzureProviderMessageSending" name="test_send_message_authentication_error" time="0.020" /><testcase classname="tests.test_azure_provider.TestAzureProviderMessageSending" name="test_send_message_rate_limit_error" time="0.016" /><testcase classname="tests.test_azure_provider.TestAzureProviderMessageSending" name="test_send_message_deployment_not_found" time="0.017" /><testcase classname="tests.test_azure_provider.TestAzureProviderMessageSending" name="test_send_message_empty_response" time="0.023" /><testcase classname="tests.test_azure_provider.TestAzureProviderCredentialValidation" name="test_validate_credentials_success" time="0.020" /><testcase classname="tests.test_azure_provider.TestAzureProviderCredentialValidation" name="test_validate_credentials_failure" time="0.018" /><testcase classname="tests.test_azure_provider.TestAzureProviderCredentialValidation" name="test_validate_credentials_missing_endpoint" time="0.004" /><testcase classname="tests.test_azure_provider.TestAzureProviderCredentialValidation" name="test_validate_credentials_exception" time="0.016" /><testcase classname="tests.test_azure_provider.TestAzureProviderModelInfo" name="test_get_model_info_gpt4" time="0.003" /><testcase classname="tests.test_azure_provider.TestAzureProviderModelInfo" name="test_get_model_info_gpt35_turbo" time="0.002" /><testcase classname="tests.test_azure_provider.TestAzureProviderModelInfo" name="test_get_model_info_unknown_model" time="0.003" /><testcase classname="tests.test_azure_provider.TestAzureProviderModelInfo" name="test_get_available_models" time="0.003" /><testcase classname="tests.test_azure_provider.TestAzureProviderCapabilities" name="test_supports_tools_gpt4" time="0.003" /><testcase classname="tests.test_azure_provider.TestAzureProviderCapabilities" name="test_supports_tools_gpt35" time="0.002" /><testcase classname="tests.test_azure_provider.TestAzureProviderCapabilities" name="test_supports_multimodal_standard_models" time="0.003" /><testcase classname="tests.test_azure_provider.TestAzureProviderCapabilities" name="test_supports_multimodal_vision_model" time="0.002" /><testcase classname="tests.test_azure_provider.TestAzureProviderCapabilities" name="test_supports_streaming" time="0.003" /><testcase classname="tests.test_azure_provider.TestAzureProviderMessagePreparation" name="test_prepare_messages_with_context" time="0.004" /><testcase classname="tests.test_azure_provider.TestAzureProviderMessagePreparation" name="test_prepare_messages_empty_context" time="0.002" /><testcase classname="tests.test_azure_provider.TestAzureProviderResponseHandling" name="test_handle_response_success" time="0.005" /><testcase classname="tests.test_azure_provider.TestAzureProviderResponseHandling" name="test_handle_response_with_error_json" time="0.006" /><testcase classname="tests.test_azure_provider.TestAzureProviderResponseHandling" name="test_handle_response_with_error_no_json" time="0.006" /><testcase classname="tests.test_azure_provider.TestAzureProviderURLConstruction" name="test_build_url_with_all_params" time="0.003" /><testcase classname="tests.test_azure_provider.TestAzureProviderURLConstruction" name="test_build_url_with_minimal_params" time="0.002" /><testcase classname="tests.test_azure_provider.TestAzureProviderURLConstruction" name="test_build_url_missing_endpoint" time="0.002" /><testcase classname="tests.test_claude_credentials.TestClaudeCredentials" name="test_from_dict" time="0.002" /><testcase classname="tests.test_claude_credentials.TestClaudeCredentials" name="test_is_expired_true" time="0.002" /><testcase classname="tests.test_claude_credentials.TestClaudeCredentials" name="test_is_expired_false" time="0.003" /><testcase classname="tests.test_claude_credentials.TestClaudeCredentials" name="test_is_expired_with_buffer" time="0.002" /><testcase classname="tests.test_claude_credentials.TestClaudeCredentials" name="test_from_dict_missing_oauth_key" time="0.002" /><testcase classname="tests.test_claude_credentials.TestClaudeCredentials" name="test_from_dict_missing_fields" time="0.002" /><testcase classname="tests.test_claude_credentials.TestLoadClaudeCredentials" name="test_load_from_file" time="0.014" /><testcase classname="tests.test_claude_credentials.TestLoadClaudeCredentials" name="test_load_from_default_path" time="0.010" /><testcase classname="tests.test_claude_credentials.TestLoadClaudeCredentials" name="test_load_file_not_found" time="0.002" /><testcase classname="tests.test_claude_credentials.TestLoadClaudeCredentials" name="test_load_invalid_json" time="0.004" /><testcase classname="tests.test_claude_credentials.TestLoadClaudeCredentials" name="test_load_missing_oauth_section" time="0.004" /><testcase classname="tests.test_claude_credentials.TestRefreshClaudeToken" name="test_refresh_success" time="0.015" /><testcase classname="tests.test_claude_credentials.TestRefreshClaudeToken" name="test_refresh_failure_returns_none" time="0.017" /><testcase classname="tests.test_claude_credentials.TestRefreshClaudeToken" name="test_refresh_network_error_returns_none" time="0.016" /><testcase classname="tests.test_claude_credentials.TestClaudeProviderBearerAuth" name="test_bearer_auth_header" time="0.005" /><testcase classname="tests.test_claude_credentials.TestClaudeProviderBearerAuth" name="test_api_key_auth_default" time="0.005" /><testcase classname="tests.test_claude_credentials.TestClaudeProviderBearerAuth" name="test_bearer_sends_authorization_header" time="0.018" /><testcase classname="tests.test_claude_credentials.TestClaudeProviderBearerAuth" name="test_api_key_sends_x_api_key_header" time="0.017" /><testcase classname="tests.test_claude_credentials.TestClaudeProviderBetaHeaders" name="test_bearer_sonnet_includes_claude_code_beta" time="0.002" /><testcase classname="tests.test_claude_credentials.TestClaudeProviderBetaHeaders" name="test_bearer_haiku_omits_claude_code_beta" time="0.002" /><testcase classname="tests.test_claude_credentials.TestClaudeProviderBetaHeaders" name="test_api_key_has_no_beta_header" time="0.002" /><testcase classname="tests.test_claude_credentials.TestClaudeProviderBetaHeaders" name="test_bearer_opus_includes_claude_code_beta" time="0.002" /><testcase classname="tests.test_claude_credentials.TestSubscription429Detection" name="test_detects_subscription_429_for_sonnet" time="0.004" /><testcase classname="tests.test_claude_credentials.TestSubscription429Detection" name="test_real_rate_limit_not_flagged" time="0.004" /><testcase classname="tests.test_claude_credentials.TestSubscription429Detection" name="test_haiku_429_not_flagged" time="0.004" /><testcase classname="tests.test_claude_credentials.TestSubscription429Detection" name="test_api_key_429_not_flagged" time="0.004" /><testcase classname="tests.test_claude_credentials.TestSubscription429Detection" name="test_subscription_429_raises_provider_error_not_rate_limit" time="0.020" /><testcase classname="tests.test_claude_provider.TestClaudeProviderToolCalling" name="test_send_message_with_tools_returns_tool_calls" time="0.021" /><testcase classname="tests.test_claude_provider.TestClaudeProviderToolCalling" name="test_send_message_with_tools_text_only" time="0.019" /><testcase classname="tests.test_claude_provider.TestClaudeProviderToolCalling" name="test_send_message_with_tools_multiple_tool_calls" time="0.017" /><testcase classname="tests.test_claude_provider.TestClaudeProviderToolCalling" name="test_send_message_with_tools_empty_tools_list" time="0.023" /><testcase classname="tests.test_claude_provider.TestClaudeProviderToolCalling" name="test_send_message_with_tools_sends_correct_api_format" time="0.024" /><testcase classname="tests.test_claude_provider.TestClaudeProviderToolCalling" name="test_send_message_with_tools_timeout" time="0.020" /><testcase classname="tests.test_claude_provider.TestClaudeProviderToolCalling" name="test_send_message_with_tools_network_error" time="0.024" /><testcase classname="tests.test_claude_provider.TestClaudeProviderToolCalling" name="test_convert_tools_to_claude_format" time="0.003" /><testcase classname="tests.test_claude_provider.TestClaudeProviderToolCalling" name="test_convert_tools_empty_list" time="0.003" /><testcase classname="tests.test_claude_provider.TestClaudeProviderToolCalling" name="test_parse_tool_calls_from_response" time="0.003" /><testcase classname="tests.test_claude_provider.TestClaudeProviderToolCalling" name="test_parse_text_only_response" time="0.003" /><testcase classname="tests.test_claude_provider.TestClaudeProviderToolCalling" name="test_parse_multiple_tool_calls" time="0.003" /><testcase classname="tests.test_claude_provider.TestClaudeProviderBasic" name="test_supports_tools" time="0.003" /><testcase classname="tests.test_claude_provider.TestClaudeProviderBasic" name="test_supports_multimodal" time="0.003" /><testcase classname="tests.test_claude_provider.TestClaudeProviderBasic" name="test_default_model" time="0.002" /><testcase classname="tests.test_claude_provider.TestClaudeProviderBasic" name="test_custom_model" time="0.002" /><testcase classname="tests.test_claude_provider.TestClaudeProviderBasic" name="test_get_model_info" time="0.003" /><testcase classname="tests.test_claude_provider.TestClaudeProviderStreaming" name="test_supports_streaming" time="0.003" /><testcase classname="tests.test_claude_provider.TestClaudeProviderStreaming" name="test_stream_text_only" time="0.027" /><testcase classname="tests.test_claude_provider.TestClaudeProviderStreaming" name="test_stream_with_tool_use" time="0.029" /><testcase classname="tests.test_claude_provider.TestClaudeProviderStreaming" name="test_stream_http_error" time="0.012" /><testcase classname="tests.test_cohere_provider.TestCohereProviderInitialization" name="test_initialization_with_defaults" time="0.001" /><testcase classname="tests.test_cohere_provider.TestCohereProviderInitialization" name="test_initialization_with_custom_values" time="0.001" /><testcase classname="tests.test_cohere_provider.TestCohereProviderInitialization" name="test_base_url_configuration" time="0.001" /><testcase classname="tests.test_cohere_provider.TestCohereProviderCredentialValidation" name="test_validate_credentials_success" time="0.011" /><testcase classname="tests.test_cohere_provider.TestCohereProviderCredentialValidation" name="test_validate_credentials_invalid_key" time="0.012" /><testcase classname="tests.test_cohere_provider.TestCohereProviderCredentialValidation" name="test_validate_credentials_network_error" time="0.011" /><testcase classname="tests.test_cohere_provider.TestCohereProviderCredentialValidation" name="test_validate_credentials_timeout" time="0.011" /><testcase classname="tests.test_cohere_provider.TestCohereProviderCredentialValidation" name="test_validate_credentials_unexpected_error" time="0.013" /><testcase classname="tests.test_cohere_provider.TestCohereProviderModelInfo" name="test_get_model_info_command_r" time="0.001" /><testcase classname="tests.test_cohere_provider.TestCohereProviderModelInfo" name="test_get_model_info_command_r_plus" time="0.001" /><testcase classname="tests.test_cohere_provider.TestCohereProviderModelInfo" name="test_get_model_info_command_light" time="0.001" /><testcase classname="tests.test_cohere_provider.TestCohereProviderModelInfo" name="test_get_model_info_command" time="0.001" /><testcase classname="tests.test_cohere_provider.TestCohereProviderModelInfo" name="test_get_model_info_unknown_model" time="0.001" /><testcase classname="tests.test_cohere_provider.TestCohereProviderModelInfo" name="test_get_available_models" time="0.002" /><testcase classname="tests.test_cohere_provider.TestCohereProviderModelInfo" name="test_get_available_models_consistency" time="0.001" /><testcase classname="tests.test_cohere_provider.TestCohereProviderModelInfo" name="test_model_info_matches_available_models" time="0.001" /><testcase classname="tests.test_cohere_provider.TestCohereProviderCapabilities" name="test_supports_tools" time="0.001" /><testcase classname="tests.test_cohere_provider.TestCohereProviderCapabilities" name="test_supports_multimodal" time="0.001" /><testcase classname="tests.test_cohere_provider.TestCohereProviderMessageSending" name="test_send_message_success" time="0.013" /><testcase classname="tests.test_cohere_provider.TestCohereProviderMessageSending" name="test_send_message_empty_text" time="0.013" /><testcase classname="tests.test_cohere_provider.TestCohereProviderMessageSending" name="test_send_message_authentication_error" time="0.014" /><testcase classname="tests.test_cohere_provider.TestCohereProviderMessageSending" name="test_send_message_rate_limit_error" time="0.023" /><testcase classname="tests.test_cohere_provider.TestCohereProviderMessageSending" name="test_send_message_model_not_found" time="0.015" /><testcase classname="tests.test_cohere_provider.TestCohereProviderMessageSending" name="test_send_message_bad_request_generic" time="0.014" /><testcase classname="tests.test_cohere_provider.TestCohereProviderMessageSending" name="test_send_message_network_timeout" time="0.015" /><testcase classname="tests.test_cohere_provider.TestCohereProviderMessageSending" name="test_send_message_network_error" time="0.013" /><testcase classname="tests.test_cohere_provider.TestCohereProviderMessageSending" name="test_send_message_unexpected_error" time="0.014" /><testcase classname="tests.test_cohere_provider.TestCohereProviderMessageSending" name="test_send_message_malformed_json_response" time="0.016" /><testcase classname="tests.test_cohere_provider.TestCohereChatHistoryPreparation" name="test_prepare_chat_history_with_context" time="0.002" /><testcase classname="tests.test_cohere_provider.TestCohereChatHistoryPreparation" name="test_prepare_chat_history_empty_context" time="0.001" /><testcase classname="tests.test_cohere_provider.TestCohereChatHistoryPreparation" name="test_prepare_chat_history_with_system_messages" time="0.001" /><testcase classname="tests.test_cohere_provider.TestCohereChatHistoryPreparation" name="test_prepare_chat_history_role_conversion" time="0.002" /><testcase classname="tests.test_cohere_provider.TestCohereProviderResponseHandling" name="test_handle_response_success_with_tokens" time="0.003" /><testcase classname="tests.test_cohere_provider.TestCohereProviderResponseHandling" name="test_handle_response_success_without_tokens" time="0.003" /><testcase classname="tests.test_cohere_provider.TestCohereProviderResponseHandling" name="test_handle_response_error_with_message" time="0.004" /><testcase classname="tests.test_cohere_provider.TestCohereProviderResponseHandling" name="test_handle_response_error_without_message" time="0.004" /><testcase classname="tests.test_cohere_provider.TestCohereProviderUtilityMethods" name="test_get_provider_name" time="0.001" /><testcase classname="tests.test_cohere_provider.TestCohereProviderUtilityMethods" name="test_string_representation" time="0.002" /><testcase classname="tests.test_cohere_provider.TestCohereProviderUtilityMethods" name="test_get_max_tokens" time="0.001" /><testcase classname="tests.test_cohere_provider.TestCohereProviderUtilityMethods" name="test_estimate_cost" time="0.002" /><testcase classname="tests.test_command_approval_security" name="test_command_exec_requires_approval" time="0.009" /><testcase classname="tests.test_command_approval_security" name="test_command_exec_without_agent_engine_fails_securely" time="0.006" /><testcase classname="tests.test_command_approval_security" name="test_file_write_requires_approval" time="0.012" /><testcase classname="tests.test_command_approval_security" name="test_no_subprocess_fallback_for_commands" time="0.013" /><testcase classname="tests.test_config_comprehensive.TestConfigValidator" name="test_init" time="0.002" /><testcase classname="tests.test_config_comprehensive.TestConfigValidator" name="test_validate_config_valid" time="0.006" /><testcase classname="tests.test_config_comprehensive.TestConfigValidator" name="test_validate_config_no_default_provider" time="0.004" /><testcase classname="tests.test_config_comprehensive.TestConfigValidator" name="test_validate_config_default_provider_not_configured" time="0.003" /><testcase classname="tests.test_config_comprehensive.TestConfigValidator" name="test_validate_config_caching" time="0.007" /><testcase classname="tests.test_config_comprehensive.TestConfigValidator" name="test_validate_provider_config_no_model" time="0.002" /><testcase classname="tests.test_config_comprehensive.TestConfigValidator" name="test_validate_claude_config_valid" time="0.002" /><testcase classname="tests.test_config_comprehensive.TestConfigValidator" name="test_validate_claude_config_invalid_model" time="0.002" /><testcase classname="tests.test_config_comprehensive.TestConfigValidator" name="test_validate_openai_config_valid" time="0.002" /><testcase classname="tests.test_config_comprehensive.TestConfigValidator" name="test_validate_mcp_config_valid" time="0.002" /><testcase classname="tests.test_config_comprehensive.TestConfigValidator" name="test_generate_config_hash" time="0.002" /><testcase classname="tests.test_config_comprehensive.TestConfigGenerator" name="test_init" time="0.001"><skipped type="pytest.skip" message="ConfigGenerator removed as over-engineered">/workspace/tests/test_config_comprehensive.py:203: ConfigGenerator removed as over-engineered</skipped></testcase><testcase classname="tests.test_config_comprehensive.TestConfigGenerator" name="test_generate_full_config" time="0.001"><skipped type="pytest.skip" message="ConfigGenerator removed as over-engineered">/workspace/tests/test_config_comprehensive.py:208: ConfigGenerator removed as over-engineered</skipped></testcase><testcase classname="tests.test_config_comprehensive.TestConfigGenerator" name="test_generate_template_config" time="0.001"><skipped type="pytest.skip" message="ConfigGenerator removed as over-engineered">/workspace/tests/test_config_comprehensive.py:213: ConfigGenerator removed as over-engineered</skipped></testcase><testcase classname="tests.test_config_comprehensive.TestConfigGenerator" name="test_mcp_server_defaults_disabled" time="0.001"><skipped type="pytest.skip" message="ConfigGenerator removed as over-engineered">/workspace/tests/test_config_comprehensive.py:218: ConfigGenerator removed as over-engineered</skipped></testcase><testcase classname="tests.test_config_comprehensive.TestConfigGenerator" name="test_mcp_servers_have_proper_commands" time="0.001"><skipped type="pytest.skip" message="ConfigGenerator removed as over-engineered">/workspace/tests/test_config_comprehensive.py:223: ConfigGenerator removed as over-engineered</skipped></testcase><testcase classname="tests.test_config_comprehensive.TestConfigRepair" name="test_init" time="0.001"><skipped type="pytest.skip" message="ConfigRepair removed as over-engineered">/workspace/tests/test_config_comprehensive.py:237: ConfigRepair removed as over-engineered</skipped></testcase><testcase classname="tests.test_config_comprehensive.TestConfigRepair" name="test_analyze_config" time="0.001"><skipped type="pytest.skip" message="ConfigRepair removed as over-engineered">/workspace/tests/test_config_comprehensive.py:242: ConfigRepair removed as over-engineered</skipped></testcase><testcase classname="tests.test_config_comprehensive.TestConfigRepair" name="test_is_error_fixable" time="0.001"><skipped type="pytest.skip" message="ConfigRepair removed as over-engineered">/workspace/tests/test_config_comprehensive.py:260: ConfigRepair removed as over-engineered</skipped></testcase><testcase classname="tests.test_config_comprehensive.TestConfigTemplateManager" name="test_init" time="0.002" /><testcase classname="tests.test_config_comprehensive.TestConfigTemplateManager" name="test_get_template_existing" time="0.002" /><testcase classname="tests.test_config_comprehensive.TestConfigTemplateManager" name="test_get_template_nonexistent" time="0.002" /><testcase classname="tests.test_config_comprehensive.TestConfigTemplateManager" name="test_list_templates" time="0.001" /><testcase classname="tests.test_config_comprehensive.TestConfigTemplateManager" name="test_create_coding_template" time="0.002" /><testcase classname="tests.test_config_comprehensive.TestConfigTemplateManager" name="test_template_mcp_servers_disabled_by_default" time="0.002" /><testcase classname="tests.test_config_comprehensive.TestConfigTemplateManager" name="test_template_mcp_server_descriptions_mention_uvx" time="0.002" /><testcase classname="tests.test_config_comprehensive.TestConfigMigration" name="test_init" time="0.003" /><testcase classname="tests.test_config_comprehensive.TestConfigMigration" name="test_needs_migration" time="0.004" /><testcase classname="tests.test_config_comprehensive.TestConfigTemplate" name="test_config_template_creation" time="0.001" /><testcase classname="tests.test_config_comprehensive.TestConfigIntegration" name="test_end_to_end_config_workflow" time="0.001"><skipped type="pytest.skip" message="ConfigGenerator/ConfigRepair removed">/workspace/tests/test_config_comprehensive.py:481: ConfigGenerator/ConfigRepair removed</skipped></testcase><testcase classname="tests.test_config_comprehensive.TestConfigIntegration" name="test_config_validation_with_issues" time="0.001"><skipped type="pytest.skip" message="ConfigGenerator/ConfigRepair removed">/workspace/tests/test_config_comprehensive.py:522: ConfigGenerator/ConfigRepair removed</skipped></testcase><testcase classname="tests.test_config_comprehensive.TestConfigIntegration" name="test_template_validation_integration" time="0.001"><skipped type="pytest.skip" message="ConfigGenerator/ConfigRepair removed">/workspace/tests/test_config_comprehensive.py:544: ConfigGenerator/ConfigRepair removed</skipped></testcase><testcase classname="tests.test_config_comprehensive.TestConfigIntegration" name="test_migration_integration" time="0.004"><skipped type="pytest.skip" message="ConfigGenerator/ConfigRepair removed">/workspace/tests/test_config_comprehensive.py:559: ConfigGenerator/ConfigRepair removed</skipped></testcase><testcase classname="tests.test_config_comprehensive.TestConfigManagerSmokeTests" name="test_config_manager_initialization" time="0.003" /><testcase classname="tests.test_config_comprehensive.TestConfigManagerSmokeTests" name="test_encryption_methods_exist" time="0.003" /><testcase classname="tests.test_config_comprehensive.TestConfigManagerSmokeTests" name="test_config_loading_and_saving" time="0.008" /><testcase classname="tests.test_conversation_history.TestSaveCommand" name="test_save_command_with_messages" time="0.011" /><testcase classname="tests.test_conversation_history.TestSaveCommand" name="test_save_command_with_filename" time="0.012" /><testcase classname="tests.test_conversation_history.TestSaveCommand" name="test_save_command_no_messages" time="0.011" /><testcase classname="tests.test_conversation_history.TestSaveCommand" name="test_save_command_error" time="0.012" /><testcase classname="tests.test_conversation_history.TestLoadCommand" name="test_load_command_success" time="0.013" /><testcase classname="tests.test_conversation_history.TestLoadCommand" name="test_load_command_no_info" time="0.017" /><testcase classname="tests.test_conversation_history.TestLoadCommand" name="test_load_command_no_filename" time="0.050" /><testcase classname="tests.test_conversation_history.TestLoadCommand" name="test_load_command_error" time="0.014" /><testcase classname="tests.test_conversation_history.TestListCommand" name="test_list_command_handler" time="0.028" /><testcase classname="tests.test_conversation_history.TestShowConversations" name="test_show_conversations_empty" time="0.009" /><testcase classname="tests.test_conversation_history.TestShowConversations" name="test_show_conversations_with_data" time="0.009" /><testcase classname="tests.test_conversation_history.TestShowConversations" name="test_show_conversations_with_invalid_date" time="0.009" /><testcase classname="tests.test_conversation_history.TestShowConversations" name="test_show_conversations_error" time="0.009" /><testcase classname="tests.test_conversation_history.TestConversationIntegration" name="test_save_load_workflow" time="0.013" /><testcase classname="tests.test_conversation_history.TestConversationIntegration" name="test_list_then_load_workflow" time="0.012" /><testcase classname="tests.test_conversation_history.TestConversationValidation" name="test_save_command_validation" time="0.015" /><testcase classname="tests.test_conversation_history.TestConversationValidation" name="test_load_command_validation" time="0.142" /><testcase classname="tests.test_conversation_history.TestConversationDisplay" name="test_conversation_list_formatting" time="0.010" /><testcase classname="tests.test_conversation_history.TestConversationDisplay" name="test_date_formatting" time="0.012" /><testcase classname="tests.test_conversation_manager.TestConversationManagerInitialization" name="test_init_creates_directories" time="0.003" /><testcase classname="tests.test_conversation_manager.TestConversationManagerInitialization" name="test_init_with_existing_directories" time="0.002" /><testcase classname="tests.test_conversation_manager.TestSaveConversation" name="test_save_conversation_with_auto_filename" time="0.006" /><testcase classname="tests.test_conversation_manager.TestSaveConversation" name="test_save_conversation_with_custom_filename" time="0.003" /><testcase classname="tests.test_conversation_manager.TestSaveConversation" name="test_save_conversation_with_json_extension" time="0.004" /><testcase classname="tests.test_conversation_manager.TestSaveConversation" name="test_save_conversation_with_metadata" time="0.003" /><testcase classname="tests.test_conversation_manager.TestSaveConversation" name="test_save_
[...]
sname="tests.test_retry.TestRetryHandler" name="test_calculate_delay_with_jitter" time="0.002" /><testcase classname="tests.test_retry.TestRetryHandler" name="test_calculate_delay_max_limit" time="0.002" /><testcase classname="tests.test_retry.TestRetryHandler" name="test_calculate_delay_with_rate_limit_retry_after" time="0.002" /><testcase classname="tests.test_retry.TestRetryHandler" name="test_should_retry_network_error" time="0.003" /><testcase classname="tests.test_retry.TestRetryHandler" name="test_should_retry_rate_limit_error" time="0.002" /><testcase classname="tests.test_retry.TestRetryHandler" name="test_should_retry_other_error" time="0.002" /><testcase classname="tests.test_retry.TestRetryHandler" name="test_should_retry_max_attempts_reached" time="0.002" /><testcase classname="tests.test_retry.TestRetryHandler" name="test_execute_with_retry_success_first_attempt" time="0.006" /><testcase classname="tests.test_retry.TestRetryHandler" name="test_execute_with_retry_success_after_retries" time="0.011" /><testcase classname="tests.test_retry.TestRetryHandler" name="test_execute_with_retry_max_retries_exceeded" time="0.013" /><testcase classname="tests.test_retry.TestRetryHandler" name="test_execute_with_retry_non_retryable_error" time="0.007" /><testcase classname="tests.test_retry.TestRetryHandler" name="test_execute_with_retry_with_args_kwargs" time="0.007" /><testcase classname="tests.test_retry.TestRetryHandler" name="test_execute_with_retry_sync_function" time="0.004" /><testcase classname="tests.test_retry.TestRetryHandler" name="test_execute_with_retry_rate_limit_error" time="0.009" /><testcase classname="tests.test_retry.TestRetryHandler" name="test_execute_sync_with_retry_success_first_attempt" time="0.002" /><testcase classname="tests.test_retry.TestRetryHandler" name="test_execute_sync_with_retry_success_after_retries" time="0.004" /><testcase classname="tests.test_retry.TestRetryHandler" name="test_execute_sync_with_retry_max_retries_exceeded" time="0.005" /><testcase classname="tests.test_retry.TestRetryHandler" name="test_execute_sync_with_retry_non_retryable_error" time="0.003" /><testcase classname="tests.test_retry.TestRetryHandler" name="test_execute_sync_with_retry_with_args_kwargs" time="0.002" /><testcase classname="tests.test_retry.TestRetryHandler" name="test_retry_convenience_method" time="0.002" /><testcase classname="tests.test_retry.TestRetryHandler" name="test_calculate_delay_negative_result_protection" time="0.002" /><testcase classname="tests.test_retry.TestRetryHandler" name="test_should_retry_boundary_conditions" time="0.002" /><testcase classname="tests.test_retry.TestRetryHandler" name="test_calculate_delay_zero_attempt" time="0.002" /><testcase classname="tests.test_retry.TestRetryHandler" name="test_calculate_delay_large_attempt" time="0.002" /><testcase classname="tests.test_security_validation.TestSecurityValidation" name="test_api_key_masking_in_logs" time="0.002" /><testcase classname="tests.test_security_validation.TestSecurityValidation" name="test_configuration_file_permissions" time="0.008" /><testcase classname="tests.test_security_validation.TestSecurityValidation" name="test_sensitive_data_not_in_error_messages" time="0.002" /><testcase classname="tests.test_security_validation.TestSecurityValidation" name="test_provider_credential_validation_security" time="0.002" /><testcase classname="tests.test_security_validation.TestSecurityValidation" name="test_configuration_serialization_security" time="0.002" /><testcase classname="tests.test_security_validation.TestSecurityValidation" name="test_provider_specific_security_measures" time="0.002" /><testcase classname="tests.test_security_validation.TestSecurityValidation" name="test_environment_variable_security" time="0.001" /><testcase classname="tests.test_security_validation.TestSecurityValidation" name="test_secure_storage_recommendations" time="0.001" /><testcase classname="tests.test_security_validation.TestSecurityValidation" name="test_configuration_backup_security" time="0.006" /><testcase classname="tests.test_security_validation.TestSecurityValidation" name="test_network_security_measures" time="0.002" /><testcase classname="tests.test_security_validation.TestSecurityValidation" name="test_error_handling_security" time="0.004" /><testcase classname="tests.test_system_integration.TestSystemIntegrationSimple" name="test_all_providers_factory_registration" time="0.004" /><testcase classname="tests.test_system_integration.TestSystemIntegrationSimple" name="test_provider_model_information_retrieval" time="0.005" /><testcase classname="tests.test_system_integration.TestSystemIntegrationSimple" name="test_provider_capabilities_integration" time="0.008" /><testcase classname="tests.test_system_integration.TestSystemIntegrationSimple" name="test_concurrent_provider_operations" time="0.004" /><testcase classname="tests.test_system_integration.TestSystemIntegrationSimple" name="test_provider_health_checking_integration" time="3.765" /><testcase classname="tests.test_system_integration.TestSystemIntegrationSimple" name="test_stress_testing_provider_factory" time="0.135" /><testcase classname="tests.test_system_integration.TestSystemIntegrationSimple" name="test_provider_switching_simulation" time="0.056" /><testcase classname="tests.test_system_integration.TestSystemIntegrationSimple" name="test_model_catalog_integration" time="0.008" /><testcase classname="tests.test_system_integration.TestSystemIntegrationSimple" name="test_configuration_integration" time="0.007" /><testcase classname="tests.test_system_prompts.TestBuildAgentPrompt" name="test_tool_capable_provider_gets_tool_section" time="0.002" /><testcase classname="tests.test_system_prompts.TestBuildAgentPrompt" name="test_tool_capable_provider_no_markers" time="0.002" /><testcase classname="tests.test_system_prompts.TestBuildAgentPrompt" name="test_non_tool_provider_gets_markers" time="0.002" /><testcase classname="tests.test_system_prompts.TestBuildAgentPrompt" name="test_non_tool_provider_gets_examples" time="0.002" /><testcase classname="tests.test_system_prompts.TestBuildAgentPrompt" name="test_non_tool_provider_no_tool_section" time="0.002" /><testcase classname="tests.test_system_prompts.TestBuildAgentPrompt" name="test_both_have_core_sections" time="0.001" /><testcase classname="tests.test_system_prompts.TestBuildAgentPrompt" name="test_default_is_no_tools" time="0.002" /><testcase classname="tests.test_tool_calling_integration.TestToolCallingFlowIntegration" name="test_simple_tool_call_round_trip" time="0.020" /><testcase classname="tests.test_tool_calling_integration.TestToolCallingFlowIntegration" name="test_text_only_response_no_loop" time="0.018" /><testcase classname="tests.test_tool_calling_integration.TestToolCallingFlowIntegration" name="test_error_response_stops_flow" time="0.018" /><testcase classname="tests.test_tool_calling_integration.TestToolCallingFlowIntegration" name="test_multiple_tool_calls_in_one_response" time="0.015" /><testcase classname="tests.test_tool_calling_integration.TestToolCallingFlowIntegration" name="test_tool_call_failure_reported_back" time="0.019" /><testcase classname="tests.test_tool_calling_integration.TestToolCallingFlowIntegration" name="test_max_iterations_guard" time="0.025" /><testcase classname="tests.test_tool_calling_integration.TestToolCallingFlowIntegration" name="test_no_agent_engine_shows_error" time="0.008" /><testcase classname="tests.test_tool_calling_integration.TestChatMessageRouting" name="test_agent_mode_with_tools_uses_tool_flow" time="0.018" /><testcase classname="tests.test_tool_calling_integration.TestChatMessageRouting" name="test_agent_mode_without_tools_uses_markers" time="0.035" /><testcase classname="tests.test_tool_calling_integration.TestChatMessageRouting" name="test_no_agent_mode_sends_plain_message" time="0.016" /><testcase classname="tests.test_tool_handler.TestToolHandlerMapping" name="test_file_read_mapping" time="0.004" /><testcase classname="tests.test_tool_handler.TestToolHandlerMapping" name="test_file_write_mapping" time="0.004" /><testcase classname="tests.test_tool_handler.TestToolHandlerMapping" name="test_file_delete_mapping" time="0.005" /><testcase classname="tests.test_tool_handler.TestToolHandlerMapping" name="test_command_exec_mapping" time="0.005" /><testcase classname="tests.test_tool_handler.TestToolHandlerMapping" name="test_find_files_mapping" time="0.005" /><testcase classname="tests.test_tool_handler.TestToolHandlerMapping" name="test_search_text_mapping" time="0.004" /><testcase classname="tests.test_tool_handler.TestToolHandlerMapping" name="test_web_request_get_mapping" time="0.005" /><testcase classname="tests.test_tool_handler.TestToolHandlerMapping" name="test_web_request_post_mapping" time="0.005" /><testcase classname="tests.test_tool_handler.TestToolHandlerMapping" name="test_unknown_tool_returns_none" time="0.004" /><testcase classname="tests.test_tool_handler.TestToolHandlerExecution" name="test_execute_tool_call_success" time="0.006" /><testcase classname="tests.test_tool_handler.TestToolHandlerExecution" name="test_execute_tool_call_failure" time="0.006" /><testcase classname="tests.test_tool_handler.TestToolHandlerExecution" name="test_execute_tool_call_cancelled" time="0.007" /><testcase classname="tests.test_tool_handler.TestToolHandlerExecution" name="test_execute_unknown_tool" time="0.006" /><testcase classname="tests.test_tool_handler.TestToolHandlerExecution" name="test_execute_multiple_tool_calls" time="0.007" /><testcase classname="tests.test_tool_handler.TestToolHandlerExecution" name="test_execute_tool_call_exception" time="0.007" /><testcase classname="tests.test_tool_handler.TestToolDefinitions" name="test_all_tools_defined" time="0.001" /><testcase classname="tests.test_tool_handler.TestToolDefinitions" name="test_tool_definitions_have_required_fields" time="0.001" /><testcase classname="tests.test_tool_handler.TestToolDefinitions" name="test_auto_approved_tools_match" time="0.001" /><testcase classname="tests.test_tool_handler.TestToolDefinitions" name="test_get_tool_definitions" time="0.004" /><testcase classname="tests.test_tool_handler.TestToolDefinitions" name="test_max_iterations_constant" time="0.001" /><testcase classname="tests.test_tool_handler.TestToolDefinitions" name="test_all_tools_have_operation_mapping" time="0.001" /><testcase classname="tests.test_workflows_comprehensive.TestCompleteSetupWorkflow" name="test_first_time_setup_workflow" time="0.001"><skipped type="pytest.skip" message="ConfigGenerator removed as over-engineered">/workspace/tests/test_workflows_comprehensive.py:154: ConfigGenerator removed as over-engineered</skipped></testcase><testcase classname="tests.test_workflows_comprehensive.TestProviderSwitchingWorkflows" name="test_provider_switching_workflow" time="0.127" /><testcase classname="tests.test_workflows_comprehensive.TestProviderSwitchingWorkflows" name="test_switch_between_tool_capable_providers" time="0.083" /><testcase classname="tests.test_workflows_comprehensive.TestProviderSwitchingWorkflows" name="test_conversation_flow_with_provider_switch" time="0.078" /><testcase classname="tests.test_workflows_comprehensive.TestConfigurationWorkflows" name="test_configuration_display_workflow" time="0.001"><skipped type="pytest.skip" message="/config command removed as redundant - use /setup instead">/workspace/tests/test_workflows_comprehensive.py:352: /config command removed as redundant - use /setup instead</skipped></testcase><testcase classname="tests.test_workflows_comprehensive.TestConfigurationWorkflows" name="test_configuration_template_workflow" time="0.001"><skipped type="pytest.skip" message="ConfigGenerator removed as over-engineered">/workspace/tests/test_workflows_comprehensive.py:378: ConfigGenerator removed as over-engineered</skipped></testcase><testcase classname="tests.test_workflows_comprehensive.TestConfigurationWorkflows" name="test_comprehensive_validation_workflow" time="0.118" /><testcase classname="tests.test_workflows_comprehensive.TestErrorHandlingWorkflows" name="test_provider_failure_workflow" time="0.287" /><testcase classname="tests.test_workflows_comprehensive.TestErrorHandlingWorkflows" name="test_provider_error_recovery" time="0.078" /><testcase classname="tests.test_workflows_comprehensive.TestErrorHandlingWorkflows" name="test_invalid_command_handling" time="0.054" /><testcase classname="tests.test_workflows_comprehensive.TestCLIIntegrationWorkflows" name="test_model_listing_workflow" time="0.052" /><testcase classname="tests.test_workflows_comprehensive.TestPerformanceWorkflows" name="test_large_message_handling" time="0.074" /><testcase classname="tests.test_workflows_comprehensive.TestPerformanceWorkflows" name="test_rapid_command_sequence" time="0.074" /><testcase classname="tests.test_workflows_comprehensive.TestUserExperienceWorkflows" name="test_help_system_workflow" time="0.059" /><testcase classname="tests.test_workflows_comprehensive.TestUserExperienceWorkflows" name="test_status_information_workflow" time="0.058" /><testcase classname="tests.test_workflows_comprehensive.TestUserExperienceWorkflows" name="test_graceful_shutdown_workflow" time="0.049" /><testcase classname="tests.test_workflows_comprehensive.TestBackwardCompatibilityWorkflows" name="test_legacy_command_compatibility" time="0.068" /><testcase classname="tests.test_workflows_comprehensive.TestBackwardCompatibilityWorkflows" name="test_conversation_history_compatibility" time="0.061" /><testcase classname="tests.test_xai_provider.TestXAIProviderInitialization" name="test_initialization_with_defaults" time="0.002" /><testcase classname="tests.test_xai_provider.TestXAIProviderInitialization" name="test_initialization_with_custom_values" time="0.002" /><testcase classname="tests.test_xai_provider.TestXAIProviderInitialization" name="test_initialization_with_system_prompt" time="0.003" /><testcase classname="tests.test_xai_provider.TestXAIProviderInitialization" name="test_initialization_precise_mode" time="0.002" /><testcase classname="tests.test_xai_provider.TestXAIProviderMessageSending" name="test_send_message_success" time="0.017" /><testcase classname="tests.test_xai_provider.TestXAIProviderMessageSending" name="test_send_message_with_web_search" time="0.016" /><testcase classname="tests.test_xai_provider.TestXAIProviderMessageSending" name="test_send_message_no_web_search" time="0.016" /><testcase classname="tests.test_xai_provider.TestXAIProviderMessageSending" name="test_send_message_with_system_prompt" time="0.014" /><testcase classname="tests.test_xai_provider.TestXAIProviderMessageSending" name="test_send_message_timeout" time="0.014" /><testcase classname="tests.test_xai_provider.TestXAIProviderMessageSending" name="test_send_message_network_error" time="0.016" /><testcase classname="tests.test_xai_provider.TestXAIProviderMessageSending" name="test_send_message_authentication_error" time="0.021" /><testcase classname="tests.test_xai_provider.TestXAIProviderMessageSending" name="test_send_message_rate_limit_error" time="0.020" /><testcase classname="tests.test_xai_provider.TestXAIProviderMessageSending" name="test_send_message_model_not_found" time="0.013" /><testcase classname="tests.test_xai_provider.TestXAIProviderMessageSending" name="test_send_message_empty_response" time="0.014" /><testcase classname="tests.test_xai_provider.TestXAIProviderToolCalling" name="test_send_message_with_tools_success" time="0.014" /><testcase classname="tests.test_xai_provider.TestXAIProviderToolCalling" name="test_send_message_with_tools_payload_format" time="0.014" /><testcase classname="tests.test_xai_provider.TestXAIProviderToolCalling" name="test_convert_tools_to_xai_format" time="0.004" /><testcase classname="tests.test_xai_provider.TestXAIProviderCredentialValidation" name="test_validate_credentials_success" time="0.017" /><testcase classname="tests.test_xai_provider.TestXAIProviderCredentialValidation" name="test_validate_credentials_failure" time="0.015" /><testcase classname="tests.test_xai_provider.TestXAIProviderCredentialValidation" name="test_validate_credentials_exception" time="0.012" /><testcase classname="tests.test_xai_provider.TestXAIProviderModelInfo" name="test_get_model_info_grok_beta" time="0.002" /><testcase classname="tests.test_xai_provider.TestXAIProviderModelInfo" name="test_get_model_info_grok_vision" time="0.001" /><testcase classname="tests.test_xai_provider.TestXAIProviderModelInfo" name="test_get_model_info_unknown_model" time="0.001" /><testcase classname="tests.test_xai_provider.TestXAIProviderModelInfo" name="test_get_available_models" time="0.001" /><testcase classname="tests.test_xai_provider.TestXAIProviderCapabilities" name="test_supports_tools" time="0.001" /><testcase classname="tests.test_xai_provider.TestXAIProviderCapabilities" name="test_supports_multimodal" time="0.001" /><testcase classname="tests.test_xai_provider.TestXAIProviderCapabilities" name="test_supports_streaming" time="0.002" /><testcase classname="tests.test_xai_provider.TestXAIProviderTemperatureSettings" name="test_get_temperature_for_mode_balanced" time="0.002" /><testcase classname="tests.test_xai_provider.TestXAIProviderTemperatureSettings" name="test_get_temperature_for_mode_precise" time="0.002" /><testcase classname="tests.test_xai_provider.TestXAIProviderTemperatureSettings" name="test_get_temperature_for_mode_creative" time="0.002" /><testcase classname="tests.test_xai_provider.TestXAIProviderTemperatureSettings" name="test_get_temperature_for_mode_unknown" time="0.001" /><testcase classname="tests.test_xai_provider.TestXAIProviderMessagePreparation" name="test_prepare_messages_with_context" time="0.002" /><testcase classname="tests.test_xai_provider.TestXAIProviderMessagePreparation" name="test_prepare_messages_with_system_prompt" time="0.002" /><testcase classname="tests.test_xai_provider.TestXAIProviderMessagePreparation" name="test_prepare_messages_empty_context" time="0.001" /><testcase classname="tests.test_xai_provider.TestXAIProviderResponseHandling" name="test_handle_response_success" time="0.003" /><testcase classname="tests.test_xai_provider.TestXAIProviderResponseHandling" name="test_handle_response_with_tools_success" time="0.003" /><testcase classname="tests.test_xai_provider.TestXAIProviderResponseHandling" name="test_handle_response_with_error_json" time="0.004" /><testcase classname="tests.test_xai_provider.TestXAIProviderResponseHandling" name="test_handle_response_with_error_no_json" time="0.003" /><testcase classname="tests.ui.test_streaming_display.TestStreamingDisplayEventHandling" name="test_message_start_sets_model" time="0.002" /><testcase classname="tests.ui.test_streaming_display.TestStreamingDisplayEventHandling" name="test_text_delta_accumulates" time="0.003" /><testcase classname="tests.ui.test_streaming_display.TestStreamingDisplayEventHandling" name="test_tool_use_collected" time="0.002" /><testcase classname="tests.ui.test_streaming_display.TestStreamingDisplayEventHandling" name="test_multiple_tool_calls" time="0.002" /><testcase classname="tests.ui.test_streaming_display.TestStreamingDisplayEventHandling" name="test_invalid_tool_json_uses_empty_dict" time="0.002" /><testcase classname="tests.ui.test_streaming_display.TestStreamingDisplayEventHandling" name="test_empty_tool_json_uses_empty_dict" time="0.002" /><testcase classname="tests.ui.test_streaming_display.TestStreamingDisplayEventHandling" name="test_initial_state" time="0.002" /><testcase classname="tests.ui.test_streaming_display.TestStreamingDisplayRender" name="test_render_with_no_text" time="0.001" /><testcase classname="tests.ui.test_streaming_display.TestStreamingDisplayRender" name="test_render_with_text" time="0.002" /><testcase classname="tests.ui.test_streaming_display.TestStreamingDisplayRender" name="test_render_shows_model_in_title" time="0.029" /></testsuite></testsuites>